1540381582801	mozrunner::runner	INFO	Running command: "/usr/bin/firefox" "-marionette" "-foreground" "-no-remote" "-profile" "/tmp/rust_mozprofile.3SRs7KZA6nPR"

(firefox:30000): Gtk-WARNING **: 11:46:23.414: Theme parsing error: <data>:1:34: Expected ')' in color definition

(firefox:30000): Gtk-WARNING **: 11:46:23.414: Theme parsing error: <data>:1:77: Expected ')' in color definition
1540381584237	Marionette	INFO	Listening on port 34209
1540381584307	Marionette	WARN	TLS certificate errors will be ignored for this session
1540381584343	Marionette	DEBUG	[2147483649] Frame script loaded
1540381584344	Marionette	DEBUG	[2147483649] Frame script registered
1540381584354	Marionette	DEBUG	[2147483649] Received DOM event beforeunload for about:blank
1540381584364	Marionette	DEBUG	[2147483649] Received DOM event pagehide for about:blank
1540381584382	Marionette	DEBUG	[2147483649] Received DOM event DOMContentLoaded for http://localhost:37807/
1540381584401	Marionette	DEBUG	[2147483649] Received DOM event pageshow for http://localhost:37807/
1540381585648	Marionette	INFO	Stopped listening on port 34209
[Parent 30000, Gecko_IOThread] WARNING: pipe error (69): Соединение разорвано другой стороной: file /build/firefox/src/mozilla-unified/ipc/chromium/src/chrome/common/ipc_channel_posix.cc, line 353
1540381587055	mozrunner::runner	INFO	Running command: "/usr/bin/firefox" "-marionette" "-foreground" "-no-remote" "-profile" "/tmp/rust_mozprofile.kySdC5vGnyEv"

(firefox:30223): Gtk-WARNING **: 11:46:27.638: Theme parsing error: <data>:1:34: Expected ')' in color definition

(firefox:30223): Gtk-WARNING **: 11:46:27.638: Theme parsing error: <data>:1:77: Expected ')' in color definition
1540381588407	Marionette	INFO	Listening on port 39835
1540381588460	Marionette	WARN	TLS certificate errors will be ignored for this session
1540381588495	Marionette	DEBUG	[2147483649] Frame script loaded
1540381588496	Marionette	DEBUG	[2147483649] Frame script registered
1540381588513	Marionette	DEBUG	[2147483649] Received DOM event beforeunload for about:blank
1540381588520	Marionette	DEBUG	[2147483649] Received DOM event pagehide for about:blank
1540381588525	Marionette	DEBUG	[2147483649] Received DOM event DOMContentLoaded for http://localhost:37807/
1540381588557	Marionette	DEBUG	[2147483649] Received DOM event pageshow for http://localhost:37807/
1540381589152	Marionette	INFO	Stopped listening on port 39835
1540381589173	addons.xpi	WARN	Exception running bootstrap method shutdown on activity-stream@mozilla.org: TypeError: setting getter-only property "_currentSearchHostname" (resource://activity-stream/lib/TopSitesFeed.jsm:86:5) JS Stack trace: uninit@TopSitesFeed.jsm:86:5
onAction@TopSitesFeed.jsm:707:9
_middleware/</<@Store.jsm:51:11
Store/this[method]@Store.jsm:29:55
uninit@Store.jsm:170:7
uninit@ActivityStream.jsm:363:5
uninit@resource://gre/modules/addons/XPIProvider.jsm -> jar:file:///usr/lib/firefox/browser/features/activity-stream@bootstrap.js:86:5
shutdown@resource://gre/modules/addons/XPIProvider.jsm -> jar:file:///usr/lib/firefox/browser/features/activity-stream@bootstrap.js:194:3
callBootstrapMethod@XPIProvider.jsm:1592:20
_shutdown@XPIProvider.jsm:1728:12
observe@AsyncShutdown.jsm:541:9
GeckoDriver.prototype.quit@driver.js:3319:3
despatch@server.js:297:20
execute@server.js:271:11
onPacket/<@server.js:246:15
onPacket@server.js:245:8
_onJSONObjectReady/<@transport.js:500:9
1540381590550	mozrunner::runner	INFO	Running command: "/usr/bin/firefox" "-marionette" "-foreground" "-no-remote" "-profile" "/tmp/rust_mozprofile.4xAofuK4MtAa"

(firefox:30445): Gtk-WARNING **: 11:46:31.123: Theme parsing error: <data>:1:34: Expected ')' in color definition

(firefox:30445): Gtk-WARNING **: 11:46:31.123: Theme parsing error: <data>:1:77: Expected ')' in color definition
1540381591908	Marionette	INFO	Listening on port 45883
1540381591958	Marionette	WARN	TLS certificate errors will be ignored for this session
1540381592001	Marionette	DEBUG	[2147483649] Frame script loaded
1540381592002	Marionette	DEBUG	[2147483649] Frame script registered
1540381592015	Marionette	DEBUG	[2147483649] Received DOM event beforeunload for about:blank
1540381592023	Marionette	DEBUG	[2147483649] Received DOM event pagehide for about:blank
1540381592040	Marionette	DEBUG	[2147483649] Received DOM event DOMContentLoaded for http://localhost:37807/
1540381592057	Marionette	DEBUG	[2147483649] Received DOM event pageshow for http://localhost:37807/
1540381592692	Marionette	INFO	Stopped listening on port 45883
1540381592713	addons.xpi	WARN	Exception running bootstrap method shutdown on activity-stream@mozilla.org: TypeError: setting getter-only property "_currentSearchHostname" (resource://activity-stream/lib/TopSitesFeed.jsm:86:5) JS Stack trace: uninit@TopSitesFeed.jsm:86:5
onAction@TopSitesFeed.jsm:707:9
_middleware/</<@Store.jsm:51:11
Store/this[method]@Store.jsm:29:55
uninit@Store.jsm:170:7
uninit@ActivityStream.jsm:363:5
uninit@resource://gre/modules/addons/XPIProvider.jsm -> jar:file:///usr/lib/firefox/browser/features/activity-stream@bootstrap.js:86:5
shutdown@resource://gre/modules/addons/XPIProvider.jsm -> jar:file:///usr/lib/firefox/browser/features/activity-stream@bootstrap.js:194:3
callBootstrapMethod@XPIProvider.jsm:1592:20
_shutdown@XPIProvider.jsm:1728:12
observe@AsyncShutdown.jsm:541:9
GeckoDriver.prototype.quit@driver.js:3319:3
despatch@server.js:297:20
execute@server.js:271:11
onPacket/<@server.js:246:15
onPacket@server.js:245:8
_onJSONObjectReady/<@transport.js:500:9
1540381975086	mozrunner::runner	INFO	Running command: "/usr/bin/firefox" "-marionette" "-foreground" "-no-remote" "-profile" "/tmp/rust_mozprofile.l5WBtrQGHxFQ"

(firefox:30734): Gtk-WARNING **: 11:52:55.691: Theme parsing error: <data>:1:34: Expected ')' in color definition

(firefox:30734): Gtk-WARNING **: 11:52:55.691: Theme parsing error: <data>:1:77: Expected ')' in color definition
1540381976453	Marionette	INFO	Listening on port 45471
1540381976499	Marionette	WARN	TLS certificate errors will be ignored for this session
1540381976556	Marionette	DEBUG	[2147483649] Frame script loaded
1540381976560	Marionette	DEBUG	[2147483649] Frame script registered
1540381976571	Marionette	DEBUG	[2147483649] Received DOM event beforeunload for about:blank
1540381976587	Marionette	DEBUG	[2147483649] Received DOM event pagehide for about:blank
1540381976593	Marionette	DEBUG	[2147483649] Received DOM event DOMContentLoaded for http://localhost:43051/
1540381976627	Marionette	DEBUG	[2147483649] Received DOM event pageshow for http://localhost:43051/
1540381977854	Marionette	INFO	Stopped listening on port 45471
[Parent 30734, Gecko_IOThread] WARNING: pipe error (69): Соединение разорвано другой стороной: file /build/firefox/src/mozilla-unified/ipc/chromium/src/chrome/common/ipc_channel_posix.cc, line 353
1540381979269	mozrunner::runner	INFO	Running command: "/usr/bin/firefox" "-marionette" "-foreground" "-no-remote" "-profile" "/tmp/rust_mozprofile.3BmchGVbtB3E"

(firefox:30958): Gtk-WARNING **: 11:52:59.857: Theme parsing error: <data>:1:34: Expected ')' in color definition

(firefox:30958): Gtk-WARNING **: 11:52:59.857: Theme parsing error: <data>:1:77: Expected ')' in color definition
1540381980610	Marionette	INFO	Listening on port 37255
1540381980674	Marionette	WARN	TLS certificate errors will be ignored for this session
1540381980713	Marionette	DEBUG	[2147483649] Frame script loaded
1540381980719	Marionette	DEBUG	[2147483649] Frame script registered
1540381980734	Marionette	DEBUG	[2147483649] Received DOM event beforeunload for about:blank
1540381980742	Marionette	DEBUG	[2147483649] Received DOM event pagehide for about:blank
1540381980754	Marionette	DEBUG	[2147483649] Received DOM event DOMContentLoaded for http://localhost:43051/
1540381980772	Marionette	DEBUG	[2147483649] Received DOM event pageshow for http://localhost:43051/
1540381980815	Marionette	INFO	Stopped listening on port 37255
1540381980834	addons.xpi	WARN	Exception running bootstrap method shutdown on activity-stream@mozilla.org: TypeError: setting getter-only property "_currentSearchHostname" (resource://activity-stream/lib/TopSitesFeed.jsm:86:5) JS Stack trace: uninit@TopSitesFeed.jsm:86:5
onAction@TopSitesFeed.jsm:707:9
_middleware/</<@Store.jsm:51:11
Store/this[method]@Store.jsm:29:55
uninit@Store.jsm:170:7
uninit@ActivityStream.jsm:363:5
uninit@resource://gre/modules/addons/XPIProvider.jsm -> jar:file:///usr/lib/firefox/browser/features/activity-stream@bootstrap.js:86:5
shutdown@resource://gre/modules/addons/XPIProvider.jsm -> jar:file:///usr/lib/firefox/browser/features/activity-stream@bootstrap.js:194:3
callBootstrapMethod@XPIProvider.jsm:1592:20
_shutdown@XPIProvider.jsm:1728:12
observe@AsyncShutdown.jsm:541:9
GeckoDriver.prototype.quit@driver.js:3319:3
despatch@server.js:297:20
execute@server.js:271:11
onPacket/<@server.js:246:15
onPacket@server.js:245:8
_onJSONObjectReady/<@transport.js:500:9
1540381982225	mozrunner::runner	INFO	Running command: "/usr/bin/firefox" "-marionette" "-foreground" "-no-remote" "-profile" "/tmp/rust_mozprofile.Om4ZGVVSDacD"

(firefox:31150): Gtk-WARNING **: 11:53:02.811: Theme parsing error: <data>:1:34: Expected ')' in color definition

(firefox:31150): Gtk-WARNING **: 11:53:02.811: Theme parsing error: <data>:1:77: Expected ')' in color definition
1540381983572	Marionette	INFO	Listening on port 43009
1540381983630	Marionette	WARN	TLS certificate errors will be ignored for this session
1540381983669	Marionette	DEBUG	[2147483649] Frame script loaded
1540381983670	Marionette	DEBUG	[2147483649] Frame script registered
1540381983683	Marionette	DEBUG	[2147483649] Received DOM event beforeunload for about:blank
1540381983690	Marionette	DEBUG	[2147483649] Received DOM event pagehide for about:blank
1540381983696	Marionette	DEBUG	[2147483649] Received DOM event DOMContentLoaded for http://localhost:43051/
1540381983728	Marionette	DEBUG	[2147483649] Received DOM event pageshow for http://localhost:43051/
1540381984326	Marionette	INFO	Stopped listening on port 43009
1540381984346	addons.xpi	WARN	Exception running bootstrap method shutdown on activity-stream@mozilla.org: TypeError: setting getter-only property "_currentSearchHostname" (resource://activity-stream/lib/TopSitesFeed.jsm:86:5) JS Stack trace: uninit@TopSitesFeed.jsm:86:5
onAction@TopSitesFeed.jsm:707:9
_middleware/</<@Store.jsm:51:11
Store/this[method]@Store.jsm:29:55
uninit@Store.jsm:170:7
uninit@ActivityStream.jsm:363:5
uninit@resource://gre/modules/addons/XPIProvider.jsm -> jar:file:///usr/lib/firefox/browser/features/activity-stream@bootstrap.js:86:5
shutdown@resource://gre/modules/addons/XPIProvider.jsm -> jar:file:///usr/lib/firefox/browser/features/activity-stream@bootstrap.js:194:3
callBootstrapMethod@XPIProvider.jsm:1592:20
_shutdown@XPIProvider.jsm:1728:12
observe@AsyncShutdown.jsm:541:9
GeckoDriver.prototype.quit@driver.js:3319:3
despatch@server.js:297:20
execute@server.js:271:11
onPacket/<@server.js:246:15
onPacket@server.js:245:8
_onJSONObjectReady/<@transport.js:500:9
1540381985720	mozrunner::runner	INFO	Running command: "/usr/bin/firefox" "-marionette" "-foreground" "-no-remote" "-profile" "/tmp/rust_mozprofile.lUnEzauQGXr2"

(firefox:31366): Gtk-WARNING **: 11:53:06.304: Theme parsing error: <data>:1:34: Expected ')' in color definition

(firefox:31366): Gtk-WARNING **: 11:53:06.304: Theme parsing error: <data>:1:77: Expected ')' in color definition
1540381987060	Marionette	INFO	Listening on port 33307
1540381987125	Marionette	WARN	TLS certificate errors will be ignored for this session
1540381987166	Marionette	DEBUG	[2147483649] Frame script loaded
1540381987168	Marionette	DEBUG	[2147483649] Frame script registered
1540381987184	Marionette	DEBUG	[2147483649] Received DOM event beforeunload for about:blank
1540381987192	Marionette	DEBUG	[2147483649] Received DOM event pagehide for about:blank
1540381987198	Marionette	DEBUG	[2147483649] Received DOM event DOMContentLoaded for http://localhost:43051/
1540381987232	Marionette	DEBUG	[2147483649] Received DOM event pageshow for http://localhost:43051/
1540381987851	Marionette	INFO	Stopped listening on port 33307
1540381987870	addons.xpi	WARN	Exception running bootstrap method shutdown on activity-stream@mozilla.org: TypeError: setting getter-only property "_currentSearchHostname" (resource://activity-stream/lib/TopSitesFeed.jsm:86:5) JS Stack trace: uninit@TopSitesFeed.jsm:86:5
onAction@TopSitesFeed.jsm:707:9
_middleware/</<@Store.jsm:51:11
Store/this[method]@Store.jsm:29:55
uninit@Store.jsm:170:7
uninit@ActivityStream.jsm:363:5
uninit@resource://gre/modules/addons/XPIProvider.jsm -> jar:file:///usr/lib/firefox/browser/features/activity-stream@bootstrap.js:86:5
shutdown@resource://gre/modules/addons/XPIProvider.jsm -> jar:file:///usr/lib/firefox/browser/features/activity-stream@bootstrap.js:194:3
callBootstrapMethod@XPIProvider.jsm:1592:20
_shutdown@XPIProvider.jsm:1728:12
observe@AsyncShutdown.jsm:541:9
GeckoDriver.prototype.quit@driver.js:3319:3
despatch@server.js:297:20
execute@server.js:271:11
onPacket/<@server.js:246:15
onPacket@server.js:245:8
_onJSONObjectReady/<@transport.js:500:9
1540388537579	mozrunner::runner	INFO	Running command: "/usr/bin/firefox" "-marionette" "-foreground" "-no-remote" "-profile" "/tmp/rust_mozprofile.6KWLtX1YflYi"

(firefox:13285): Gtk-WARNING **: 13:42:22.040: Theme parsing error: <data>:1:34: Expected ')' in color definition

(firefox:13285): Gtk-WARNING **: 13:42:22.040: Theme parsing error: <data>:1:77: Expected ')' in color definition
1540388544826	Marionette	INFO	Listening on port 46799
1540388544894	Marionette	WARN	TLS certificate errors will be ignored for this session
1540388546304	Marionette	INFO	Stopped listening on port 46799
[Parent 13285, Gecko_IOThread] WARNING: pipe error (89): Соединение разорвано другой стороной: file /build/src/mozilla-unified/ipc/chromium/src/chrome/common/ipc_channel_posix.cc, line 356
1540388546711	mozrunner::runner	INFO	Running command: "/usr/bin/firefox" "-marionette" "-foreground" "-no-remote" "-profile" "/tmp/rust_mozprofile.u3wfkVsmrOE6"

(firefox:13568): Gtk-WARNING **: 13:42:27.336: Theme parsing error: <data>:1:34: Expected ')' in color definition

(firefox:13568): Gtk-WARNING **: 13:42:27.336: Theme parsing error: <data>:1:77: Expected ')' in color definition
1540388548389	Marionette	INFO	Listening on port 38319
1540388548419	Marionette	WARN	TLS certificate errors will be ignored for this session
1540388548937	Marionette	INFO	Stopped listening on port 38319
JavaScript error: resource://activity-stream/lib/TopSitesFeed.jsm, line 86: TypeError: setting getter-only property "_currentSearchHostname"
1540388550464	mozrunner::runner	INFO	Running command: "/usr/bin/firefox" "-marionette" "-foreground" "-no-remote" "-profile" "/tmp/rust_mozprofile.VwXjaB4Rg3rn"

(firefox:13817): Gtk-WARNING **: 13:42:30.979: Theme parsing error: <data>:1:34: Expected ')' in color definition

(firefox:13817): Gtk-WARNING **: 13:42:30.979: Theme parsing error: <data>:1:77: Expected ')' in color definition
1540388551760	Marionette	INFO	Listening on port 35741
1540388551769	Marionette	WARN	TLS certificate errors will be ignored for this session
1540388552489	Marionette	INFO	Stopped listening on port 35741
JavaScript error: resource://activity-stream/lib/TopSitesFeed.jsm, line 86: TypeError: setting getter-only property "_currentSearchHostname"
JavaScript error: resource://gre/modules/Sqlite.jsm, line 841: Error: Connection is not open.
1540388553884	mozrunner::runner	INFO	Running command: "/usr/bin/firefox" "-marionette" "-foreground" "-no-remote" "-profile" "/tmp/rust_mozprofile.ZCPVkRWn7Dxd"

(firefox:14069): Gtk-WARNING **: 13:42:34.356: Theme parsing error: <data>:1:34: Expected ')' in color definition

(firefox:14069): Gtk-WARNING **: 13:42:34.356: Theme parsing error: <data>:1:77: Expected ')' in color definition
1540388555140	Marionette	INFO	Listening on port 46353
1540388555191	Marionette	WARN	TLS certificate errors will be ignored for this session
1540388555951	Marionette	INFO	Stopped listening on port 46353
JavaScript error: resource://activity-stream/lib/TopSitesFeed.jsm, line 86: TypeError: setting getter-only property "_currentSearchHostname"
JavaScript error: resource://gre/modules/Sqlite.jsm, line 841: Error: Connection is not open.
1540390238283	mozrunner::runner	INFO	Running command: "/usr/bin/firefox" "-marionette" "-foreground" "-no-remote" "-profile" "/tmp/rust_mozprofile.ezoqcXfX4Dxf"

(firefox:14739): Gtk-WARNING **: 14:10:38.805: Theme parsing error: <data>:1:34: Expected ')' in color definition

(firefox:14739): Gtk-WARNING **: 14:10:38.805: Theme parsing error: <data>:1:77: Expected ')' in color definition
1540390239587	Marionette	INFO	Listening on port 45679
1540390239689	Marionette	WARN	TLS certificate errors will be ignored for this session
1540390241078	Marionette	INFO	Stopped listening on port 45679
JavaScript error: resource://activity-stream/lib/TopSitesFeed.jsm, line 86: TypeError: setting getter-only property "_currentSearchHostname"
JavaScript error: resource://gre/modules/Sqlite.jsm, line 841: Error: Connection is not open.
1540390242500	mozrunner::runner	INFO	Running command: "/usr/bin/firefox" "-marionette" "-foreground" "-no-remote" "-profile" "/tmp/rust_mozprofile.M7w0rfdwPmo7"

(firefox:14988): Gtk-WARNING **: 14:10:43.006: Theme parsing error: <data>:1:34: Expected ')' in color definition

(firefox:14988): Gtk-WARNING **: 14:10:43.006: Theme parsing error: <data>:1:77: Expected ')' in color definition
1540390243810	Marionette	INFO	Listening on port 37461
1540390243906	Marionette	WARN	TLS certificate errors will be ignored for this session
1540390244089	Marionette	INFO	Stopped listening on port 37461
JavaScript error: resource://activity-stream/lib/TopSitesFeed.jsm, line 86: TypeError: setting getter-only property "_currentSearchHostname"
JavaScript error: resource://gre/modules/Sqlite.jsm, line 841: Error: Connection is not open.
1540390245497	mozrunner::runner	INFO	Running command: "/usr/bin/firefox" "-marionette" "-foreground" "-no-remote" "-profile" "/tmp/rust_mozprofile.UAu3aE57SuD4"

(firefox:15200): Gtk-WARNING **: 14:10:46.037: Theme parsing error: <data>:1:34: Expected ')' in color definition

(firefox:15200): Gtk-WARNING **: 14:10:46.037: Theme parsing error: <data>:1:77: Expected ')' in color definition
1540390246825	Marionette	INFO	Listening on port 44005
1540390246902	Marionette	WARN	TLS certificate errors will be ignored for this session
1540390247649	Marionette	INFO	Stopped listening on port 44005
JavaScript error: resource://activity-stream/lib/TopSitesFeed.jsm, line 86: TypeError: setting getter-only property "_currentSearchHostname"
JavaScript error: resource://gre/modules/Sqlite.jsm, line 841: Error: Connection is not open.
1540390249048	mozrunner::runner	INFO	Running command: "/usr/bin/firefox" "-marionette" "-foreground" "-no-remote" "-profile" "/tmp/rust_mozprofile.1bAX9j4r3FNd"

(firefox:15447): Gtk-WARNING **: 14:10:49.547: Theme parsing error: <data>:1:34: Expected ')' in color definition

(firefox:15447): Gtk-WARNING **: 14:10:49.547: Theme parsing error: <data>:1:77: Expected ')' in color definition
1540390250322	Marionette	INFO	Listening on port 35499
1540390250356	Marionette	WARN	TLS certificate errors will be ignored for this session
1540390251162	Marionette	INFO	Stopped listening on port 35499
JavaScript error: resource://activity-stream/lib/TopSitesFeed.jsm, line 86: TypeError: setting getter-only property "_currentSearchHostname"
[Parent 15447, Gecko_IOThread] WARNING: pipe error (84): Соединение разорвано другой стороной: file /build/src/mozilla-unified/ipc/chromium/src/chrome/common/ipc_channel_posix.cc, line 356
JavaScript error: resource://gre/modules/Sqlite.jsm, line 841: Error: Connection is not open.
1540390422627	mozrunner::runner	INFO	Running command: "/usr/bin/firefox" "-marionette" "-foreground" "-no-remote" "-profile" "/tmp/rust_mozprofile.pwoi6xCdxI3v"

(firefox:15757): Gtk-WARNING **: 14:13:43.160: Theme parsing error: <data>:1:34: Expected ')' in color definition

(firefox:15757): Gtk-WARNING **: 14:13:43.160: Theme parsing error: <data>:1:77: Expected ')' in color definition
1540390423983	Marionette	INFO	Listening on port 45379
1540390424033	Marionette	WARN	TLS certificate errors will be ignored for this session
1540390425440	Marionette	INFO	Stopped listening on port 45379
[Parent 15757, Gecko_IOThread] WARNING: pipe error (100): Соединение разорвано другой стороной: file /build/src/mozilla-unified/ipc/chromium/src/chrome/common/ipc_channel_posix.cc, line 356
1540390426856	mozrunner::runner	INFO	Running command: "/usr/bin/firefox" "-marionette" "-foreground" "-no-remote" "-profile" "/tmp/rust_mozprofile.A91RJHZl8aRb"

(firefox:16018): Gtk-WARNING **: 14:13:47.390: Theme parsing error: <data>:1:34: Expected ')' in color definition

(firefox:16018): Gtk-WARNING **: 14:13:47.390: Theme parsing error: <data>:1:77: Expected ')' in color definition
1540390428136	Marionette	INFO	Listening on port 37937
1540390428165	Marionette	WARN	TLS certificate errors will be ignored for this session
1540390428415	Marionette	INFO	Stopped listening on port 37937
JavaScript error: resource://activity-stream/lib/TopSitesFeed.jsm, line 86: TypeError: setting getter-only property "_currentSearchHostname"
JavaScript error: resource://gre/modules/Sqlite.jsm, line 841: Error: Connection is not open.
1540390429823	mozrunner::runner	INFO	Running command: "/usr/bin/firefox" "-marionette" "-foreground" "-no-remote" "-profile" "/tmp/rust_mozprofile.dg1Tk7lwnLIR"

(firefox:16247): Gtk-WARNING **: 14:13:50.340: Theme parsing error: <data>:1:34: Expected ')' in color definition

(firefox:16247): Gtk-WARNING **: 14:13:50.340: Theme parsing error: <data>:1:77: Expected ')' in color definition
1540390431054	Marionette	INFO	Listening on port 46379
1540390431130	Marionette	WARN	TLS certificate errors will be ignored for this session
1540390431865	Marionette	INFO	Stopped listening on port 46379
JavaScript error: resource://activity-stream/lib/TopSitesFeed.jsm, line 86: TypeError: setting getter-only property "_currentSearchHostname"
JavaScript error: resource://gre/modules/Sqlite.jsm, line 841: Error: Connection is not open.
1540390433258	mozrunner::runner	INFO	Running command: "/usr/bin/firefox" "-marionette" "-foreground" "-no-remote" "-profile" "/tmp/rust_mozprofile.4Y4hyPuCML8t"

(firefox:16503): Gtk-WARNING **: 14:13:53.739: Theme parsing error: <data>:1:34: Expected ')' in color definition

(firefox:16503): Gtk-WARNING **: 14:13:53.739: Theme parsing error: <data>:1:77: Expected ')' in color definition
1540390434369	Marionette	INFO	Listening on port 45259
1540390434468	Marionette	WARN	TLS certificate errors will be ignored for this session
1540390435275	Marionette	INFO	Stopped listening on port 45259
JavaScript error: resource://activity-stream/lib/TopSitesFeed.jsm, line 86: TypeError: setting getter-only property "_currentSearchHostname"
[Parent 16503, Gecko_IOThread] WARNING: pipe error (101): Соединение разорвано другой стороной: file /build/src/mozilla-unified/ipc/chromium/src/chrome/common/ipc_channel_posix.cc, line 356
JavaScript error: resource://gre/modules/Sqlite.jsm, line 841: Error: Connection is not open.
1540390936104	mozrunner::runner	INFO	Running command: "/usr/bin/firefox" "-marionette" "-foreground" "-no-remote" "-profile" "/tmp/rust_mozprofile.cYoy7znHiZ4z"

(firefox:16845): Gtk-WARNING **: 14:22:16.632: Theme parsing error: <data>:1:34: Expected ')' in color definition

(firefox:16845): Gtk-WARNING **: 14:22:16.632: Theme parsing error: <data>:1:77: Expected ')' in color definition
1540390937443	Marionette	INFO	Listening on port 39495
1540390937509	Marionette	WARN	TLS certificate errors will be ignored for this session
1540390938883	Marionette	INFO	Stopped listening on port 39495
[Parent 16845, Gecko_IOThread] WARNING: pipe error (82): Соединение разорвано другой стороной: file /build/src/mozilla-unified/ipc/chromium/src/chrome/common/ipc_channel_posix.cc, line 356
[Parent 16845, Gecko_IOThread] WARNING: pipe error (95): Соединение разорвано другой стороной: file /build/src/mozilla-unified/ipc/chromium/src/chrome/common/ipc_channel_posix.cc, line 356
1540390940299	mozrunner::runner	INFO	Running command: "/usr/bin/firefox" "-marionette" "-foreground" "-no-remote" "-profile" "/tmp/rust_mozprofile.aTkdLlBHM5IN"

(firefox:17119): Gtk-WARNING **: 14:22:20.810: Theme parsing error: <data>:1:34: Expected ')' in color definition

(firefox:17119): Gtk-WARNING **: 14:22:20.810: Theme parsing error: <data>:1:77: Expected ')' in color definition
1540390941623	Marionette	INFO	Listening on port 34861
1540390941706	Marionette	WARN	TLS certificate errors will be ignored for this session
1540390941902	Marionette	INFO	Stopped listening on port 34861
JavaScript error: resource://activity-stream/lib/TopSitesFeed.jsm, line 86: TypeError: setting getter-only property "_currentSearchHostname"
JavaScript error: resource://gre/modules/Sqlite.jsm, line 841: Error: Connection is not open.
1540390942318	mozrunner::runner	INFO	Running command: "/usr/bin/firefox" "-marionette" "-foreground" "-no-remote" "-profile" "/tmp/rust_mozprofile.4vcoQmzcwxwS"

(firefox:17346): Gtk-WARNING **: 14:22:22.823: Theme parsing error: <data>:1:34: Expected ')' in color definition

(firefox:17346): Gtk-WARNING **: 14:22:22.823: Theme parsing error: <data>:1:77: Expected ')' in color definition
1540390943581	Marionette	INFO	Listening on port 38787
1540390943623	Marionette	WARN	TLS certificate errors will be ignored for this session
1540390944351	Marionette	INFO	Stopped listening on port 38787
JavaScript error: resource://activity-stream/lib/TopSitesFeed.jsm, line 86: TypeError: setting getter-only property "_currentSearchHostname"
JavaScript error: resource://gre/modules/Sqlite.jsm, line 841: Error: Connection is not open.
1540390944753	mozrunner::runner	INFO	Running command: "/usr/bin/firefox" "-marionette" "-foreground" "-no-remote" "-profile" "/tmp/rust_mozprofile.JcpAYdfgSFJJ"

(firefox:17606): Gtk-WARNING **: 14:22:25.232: Theme parsing error: <data>:1:34: Expected ')' in color definition

(firefox:17606): Gtk-WARNING **: 14:22:25.232: Theme parsing error: <data>:1:77: Expected ')' in color definition
1540390946031	Marionette	INFO	Listening on port 46715
1540390946063	Marionette	WARN	TLS certificate errors will be ignored for this session
1540390946842	Marionette	INFO	Stopped listening on port 46715
JavaScript error: resource://activity-stream/lib/TopSitesFeed.jsm, line 86: TypeError: setting getter-only property "_currentSearchHostname"
[Parent 17606, Gecko_IOThread] WARNING: pipe error (73): Соединение разорвано другой стороной: file /build/src/mozilla-unified/ipc/chromium/src/chrome/common/ipc_channel_posix.cc, line 356
JavaScript error: resource://gre/modules/Sqlite.jsm, line 841: Error: Connection is not open.
1540391185459	mozrunner::runner	INFO	Running command: "/usr/bin/firefox" "-marionette" "-foreground" "-no-remote" "-profile" "/tmp/rust_mozprofile.mNgdNzznSZLU"

(firefox:17958): Gtk-WARNING **: 14:26:25.986: Theme parsing error: <data>:1:34: Expected ')' in color definition

(firefox:17958): Gtk-WARNING **: 14:26:25.986: Theme parsing error: <data>:1:77: Expected ')' in color definition
1540391186760	Marionette	INFO	Listening on port 35351
1540391186766	Marionette	WARN	TLS certificate errors will be ignored for this session
1540391188229	Marionette	INFO	Stopped listening on port 35351
JavaScript error: resource://activity-stream/lib/TopSitesFeed.jsm, line 86: TypeError: setting getter-only property "_currentSearchHostname"
JavaScript error: resource://gre/modules/Sqlite.jsm, line 841: Error: Connection is not open.
1540391189643	mozrunner::runner	INFO	Running command: "/usr/bin/firefox" "-marionette" "-foreground" "-no-remote" "-profile" "/tmp/rust_mozprofile.rwPgo6dXAHRM"

(firefox:18228): Gtk-WARNING **: 14:26:30.162: Theme parsing error: <data>:1:34: Expected ')' in color definition

(firefox:18228): Gtk-WARNING **: 14:26:30.162: Theme parsing error: <data>:1:77: Expected ')' in color definition
1540391190985	Marionette	INFO	Listening on port 45047
1540391191050	Marionette	WARN	TLS certificate errors will be ignored for this session
1540391191233	Marionette	INFO	Stopped listening on port 45047
JavaScript error: resource://activity-stream/lib/TopSitesFeed.jsm, line 86: TypeError: setting getter-only property "_currentSearchHostname"
JavaScript error: resource://gre/modules/Sqlite.jsm, line 841: Error: Connection is not open.
1540391192641	mozrunner::runner	INFO	Running command: "/usr/bin/firefox" "-marionette" "-foreground" "-no-remote" "-profile" "/tmp/rust_mozprofile.SR2c4TI5pQIK"

(firefox:18460): Gtk-WARNING **: 14:26:33.151: Theme parsing error: <data>:1:34: Expected ')' in color definition

(firefox:18460): Gtk-WARNING **: 14:26:33.151: Theme parsing error: <data>:1:77: Expected ')' in color definition
1540391193895	Marionette	INFO	Listening on port 38695
1540391193952	Marionette	WARN	TLS certificate errors will be ignored for this session
1540391194708	Marionette	INFO	Stopped listening on port 38695
JavaScript error: resource://activity-stream/lib/TopSitesFeed.jsm, line 86: TypeError: setting getter-only property "_currentSearchHostname"
[Parent 18460, Gecko_IOThread] WARNING: pipe error (98): Соединение разорвано другой стороной: file /build/src/mozilla-unified/ipc/chromium/src/chrome/common/ipc_channel_posix.cc, line 356
JavaScript error: resource://gre/modules/Sqlite.jsm, line 841: Error: Connection is not open.
1540391196101	mozrunner::runner	INFO	Running command: "/usr/bin/firefox" "-marionette" "-foreground" "-no-remote" "-profile" "/tmp/rust_mozprofile.SMRB6joBljyj"

(firefox:18711): Gtk-WARNING **: 14:26:36.657: Theme parsing error: <data>:1:34: Expected ')' in color definition

(firefox:18711): Gtk-WARNING **: 14:26:36.658: Theme parsing error: <data>:1:77: Expected ')' in color definition
1540391197557	Marionette	INFO	Listening on port 44433
1540391197607	Marionette	WARN	TLS certificate errors will be ignored for this session
1540391198414	Marionette	INFO	Stopped listening on port 44433
JavaScript error: resource://activity-stream/lib/TopSitesFeed.jsm, line 86: TypeError: setting getter-only property "_currentSearchHostname"
JavaScript error: resource://gre/modules/Sqlite.jsm, line 841: Error: Connection is not open.
1540391739597	mozrunner::runner	INFO	Running command: "/usr/bin/firefox" "-marionette" "-foreground" "-no-remote" "-profile" "/tmp/rust_mozprofile.NMZmcsZ03wce"

(firefox:19200): Gtk-WARNING **: 14:35:40.165: Theme parsing error: <data>:1:34: Expected ')' in color definition

(firefox:19200): Gtk-WARNING **: 14:35:40.165: Theme parsing error: <data>:1:77: Expected ')' in color definition
1540391740897	Marionette	INFO	Listening on port 42263
1540391740903	Marionette	WARN	TLS certificate errors will be ignored for this session
1540391742303	Marionette	INFO	Stopped listening on port 42263
[Parent 19200, Gecko_IOThread] WARNING: pipe error (87): Соединение разорвано другой стороной: file /build/src/mozilla-unified/ipc/chromium/src/chrome/common/ipc_channel_posix.cc, line 356
1540391743720	mozrunner::runner	INFO	Running command: "/usr/bin/firefox" "-marionette" "-foreground" "-no-remote" "-profile" "/tmp/rust_mozprofile.pwG9BRPlPXqr"

(firefox:19460): Gtk-WARNING **: 14:35:44.283: Theme parsing error: <data>:1:34: Expected ')' in color definition

(firefox:19460): Gtk-WARNING **: 14:35:44.283: Theme parsing error: <data>:1:77: Expected ')' in color definition
1540391745147	Marionette	INFO	Listening on port 32839
1540391745225	Marionette	WARN	TLS certificate errors will be ignored for this session
1540391745421	Marionette	INFO	Stopped listening on port 32839
JavaScript error: resource://activity-stream/lib/TopSitesFeed.jsm, line 86: TypeError: setting getter-only property "_currentSearchHostname"
JavaScript error: resource://gre/modules/Sqlite.jsm, line 841: Error: Connection is not open.
1540391746826	mozrunner::runner	INFO	Running command: "/usr/bin/firefox" "-marionette" "-foreground" "-no-remote" "-profile" "/tmp/rust_mozprofile.7yGve0qpp2ix"

(firefox:19760): Gtk-WARNING **: 14:35:47.392: Theme parsing error: <data>:1:34: Expected ')' in color definition

(firefox:19760): Gtk-WARNING **: 14:35:47.392: Theme parsing error: <data>:1:77: Expected ')' in color definition
1540391748162	Marionette	INFO	Listening on port 46767
1540391748233	Marionette	WARN	TLS certificate errors will be ignored for this session
1540391748989	Marionette	INFO	Stopped listening on port 46767
JavaScript error: resource://activity-stream/lib/TopSitesFeed.jsm, line 86: TypeError: setting getter-only property "_currentSearchHostname"
JavaScript error: resource://gre/modules/Sqlite.jsm, line 841: Error: Connection is not open.
1540391750382	mozrunner::runner	INFO	Running command: "/usr/bin/firefox" "-marionette" "-foreground" "-no-remote" "-profile" "/tmp/rust_mozprofile.LvA1lMPcTbK6"

(firefox:20033): Gtk-WARNING **: 14:35:50.940: Theme parsing error: <data>:1:34: Expected ')' in color definition

(firefox:20033): Gtk-WARNING **: 14:35:50.940: Theme parsing error: <data>:1:77: Expected ')' in color definition
1540391751775	Marionette	INFO	Listening on port 33557
1540391751789	Marionette	WARN	TLS certificate errors will be ignored for this session
1540391752595	Marionette	INFO	Stopped listening on port 33557
JavaScript error: resource://activity-stream/lib/TopSitesFeed.jsm, line 86: TypeError: setting getter-only property "_currentSearchHostname"
JavaScript error: resource://gre/modules/Sqlite.jsm, line 841: Error: Connection is not open.
1540391775457	mozrunner::runner	INFO	Running command: "/usr/bin/firefox" "-marionette" "-foreground" "-no-remote" "-profile" "/tmp/rust_mozprofile.QSsFA9N61K4X"

(firefox:20301): Gtk-WARNING **: 14:36:15.969: Theme parsing error: <data>:1:34: Expected ')' in color definition

(firefox:20301): Gtk-WARNING **: 14:36:15.969: Theme parsing error: <data>:1:77: Expected ')' in color definition
1540391776756	Marionette	INFO	Listening on port 39673
1540391776762	Marionette	WARN	TLS certificate errors will be ignored for this session
1540391778156	Marionette	INFO	Stopped listening on port 39673
JavaScript error: resource://activity-stream/lib/TopSitesFeed.jsm, line 86: TypeError: setting getter-only property "_currentSearchHostname"
JavaScript error: resource://gre/modules/Sqlite.jsm, line 841: Error: Connection is not open.
1540391779574	mozrunner::runner	INFO	Running command: "/usr/bin/firefox" "-marionette" "-foreground" "-no-remote" "-profile" "/tmp/rust_mozprofile.M6yoh21e4AZ0"

(firefox:20553): Gtk-WARNING **: 14:36:20.130: Theme parsing error: <data>:1:34: Expected ')' in color definition

(firefox:20553): Gtk-WARNING **: 14:36:20.130: Theme parsing error: <data>:1:77: Expected ')' in color definition
1540391780894	Marionette	INFO	Listening on port 36367
1540391780979	Marionette	WARN	TLS certificate errors will be ignored for this session
1540391781164	Marionette	INFO	Stopped listening on port 36367
JavaScript error: resource://activity-stream/lib/TopSitesFeed.jsm, line 86: TypeError: setting getter-only property "_currentSearchHostname"
JavaScript error: resource://gre/modules/Sqlite.jsm, line 841: Error: Connection is not open.
1540391782590	mozrunner::runner	INFO	Running command: "/usr/bin/firefox" "-marionette" "-foreground" "-no-remote" "-profile" "/tmp/rust_mozprofile.CbefFwXffOiU"

(firefox:20780): Gtk-WARNING **: 14:36:23.098: Theme parsing error: <data>:1:34: Expected ')' in color definition

(firefox:20780): Gtk-WARNING **: 14:36:23.098: Theme parsing error: <data>:1:77: Expected ')' in color definition
1540391783859	Marionette	INFO	Listening on port 33013
1540391783894	Marionette	WARN	TLS certificate errors will be ignored for this session
1540391784635	Marionette	INFO	Stopped listening on port 33013
JavaScript error: resource://activity-stream/lib/TopSitesFeed.jsm, line 86: TypeError: setting getter-only property "_currentSearchHostname"
JavaScript error: resource://gre/modules/Sqlite.jsm, line 841: Error: Connection is not open.
1540391786035	mozrunner::runner	INFO	Running command: "/usr/bin/firefox" "-marionette" "-foreground" "-no-remote" "-profile" "/tmp/rust_mozprofile.q7LC40h5Yl4d"

(firefox:21028): Gtk-WARNING **: 14:36:26.555: Theme parsing error: <data>:1:34: Expected ')' in color definition

(firefox:21028): Gtk-WARNING **: 14:36:26.555: Theme parsing error: <data>:1:77: Expected ')' in color definition
1540391787308	Marionette	INFO	Listening on port 38015
1540391787340	Marionette	WARN	TLS certificate errors will be ignored for this session
1540391788138	Marionette	INFO	Stopped listening on port 38015
JavaScript error: resource://activity-stream/lib/TopSitesFeed.jsm, line 86: TypeError: setting getter-only property "_currentSearchHostname"
JavaScript error: resource://gre/modules/Sqlite.jsm, line 841: Error: Connection is not open.
1540391888207	mozrunner::runner	INFO	Running command: "/usr/bin/firefox" "-marionette" "-foreground" "-no-remote" "-profile" "/tmp/rust_mozprofile.5l4LjfchGaAd"

(firefox:21310): Gtk-WARNING **: 14:38:08.757: Theme parsing error: <data>:1:34: Expected ')' in color definition

(firefox:21310): Gtk-WARNING **: 14:38:08.757: Theme parsing error: <data>:1:77: Expected ')' in color definition
1540391889539	Marionette	INFO	Listening on port 41769
1540391889612	Marionette	WARN	TLS certificate errors will be ignored for this session
1540391891006	Marionette	INFO	Stopped listening on port 41769
JavaScript error: resource://activity-stream/lib/TopSitesFeed.jsm, line 86: TypeError: setting getter-only property "_currentSearchHostname"
[Parent 21310, Gecko_IOThread] WARNING: pipe error (82): Соединение разорвано другой стороной: file /build/src/mozilla-unified/ipc/chromium/src/chrome/common/ipc_channel_posix.cc, line 356
[Parent 21310, Gecko_IOThread] WARNING: pipe error (87): Соединение разорвано другой стороной: file /build/src/mozilla-unified/ipc/chromium/src/chrome/common/ipc_channel_posix.cc, line 356
JavaScript error: resource://gre/modules/Sqlite.jsm, line 841: Error: Connection is not open.
1540391892416	mozrunner::runner	INFO	Running command: "/usr/bin/firefox" "-marionette" "-foreground" "-no-remote" "-profile" "/tmp/rust_mozprofile.0qtb21V8MUeb"

(firefox:21571): Gtk-WARNING **: 14:38:12.883: Theme parsing error: <data>:1:34: Expected ')' in color definition

(firefox:21571): Gtk-WARNING **: 14:38:12.883: Theme parsing error: <data>:1:77: Expected ')' in color definition
1540391893637	Marionette	INFO	Listening on port 41933
1540391893721	Marionette	WARN	TLS certificate errors will be ignored for this session
1540391904091	Marionette	INFO	Stopped listening on port 41933
[Parent 21571, Gecko_IOThread] WARNING: pipe error (101): Соединение разорвано другой стороной: file /build/src/mozilla-unified/ipc/chromium/src/chrome/common/ipc_channel_posix.cc, line 356
1540391905504	mozrunner::runner	INFO	Running command: "/usr/bin/firefox" "-marionette" "-foreground" "-no-remote" "-profile" "/tmp/rust_mozprofile.MtOqqm4Jkqsd"

(firefox:21823): Gtk-WARNING **: 14:38:25.990: Theme parsing error: <data>:1:34: Expected ')' in color definition

(firefox:21823): Gtk-WARNING **: 14:38:25.990: Theme parsing error: <data>:1:77: Expected ')' in color definition
1540391906759	Marionette	INFO	Listening on port 41541
1540391906809	Marionette	WARN	TLS certificate errors will be ignored for this session
1540391907567	Marionette	INFO	Stopped listening on port 41541
JavaScript error: resource://activity-stream/lib/TopSitesFeed.jsm, line 86: TypeError: setting getter-only property "_currentSearchHostname"
[Parent 21823, Gecko_IOThread] WARNING: pipe error: Обрыв канала: file /build/src/mozilla-unified/ipc/chromium/src/chrome/common/ipc_channel_posix.cc, line 729
JavaScript error: resource://gre/modules/Sqlite.jsm, line 841: Error: Connection is not open.
1540391908960	mozrunner::runner	INFO	Running command: "/usr/bin/firefox" "-marionette" "-foreground" "-no-remote" "-profile" "/tmp/rust_mozprofile.qN7flh3znzGT"

(firefox:22077): Gtk-WARNING **: 14:38:29.462: Theme parsing error: <data>:1:34: Expected ')' in color definition

(firefox:22077): Gtk-WARNING **: 14:38:29.462: Theme parsing error: <data>:1:77: Expected ')' in color definition
1540391910207	Marionette	INFO	Listening on port 36571
1540391910265	Marionette	WARN	TLS certificate errors will be ignored for this session
1540391911052	Marionette	INFO	Stopped listening on port 36571
JavaScript error: resource://activity-stream/lib/TopSitesFeed.jsm, line 86: TypeError: setting getter-only property "_currentSearchHostname"
JavaScript error: resource://gre/modules/Sqlite.jsm, line 841: Error: Connection is not open.
1540391980558	mozrunner::runner	INFO	Running command: "/usr/bin/firefox" "-marionette" "-foreground" "-no-remote" "-profile" "/tmp/rust_mozprofile.w6Gy57v2uXNC"

(firefox:22354): Gtk-WARNING **: 14:39:41.117: Theme parsing error: <data>:1:34: Expected ')' in color definition

(firefox:22354): Gtk-WARNING **: 14:39:41.117: Theme parsing error: <data>:1:77: Expected ')' in color definition
1540391982121	Marionette	INFO	Listening on port 41091
1540391982165	Marionette	WARN	TLS certificate errors will be ignored for this session
1540391983580	Marionette	INFO	Stopped listening on port 41091
JavaScript error: resource://activity-stream/lib/TopSitesFeed.jsm, line 86: TypeError: setting getter-only property "_currentSearchHostname"
JavaScript error: resource://gre/modules/Sqlite.jsm, line 841: Error: Connection is not open.
1540391984990	mozrunner::runner	INFO	Running command: "/usr/bin/firefox" "-marionette" "-foreground" "-no-remote" "-profile" "/tmp/rust_mozprofile.uJ525TOKniNP"

(firefox:22609): Gtk-WARNING **: 14:39:45.489: Theme parsing error: <data>:1:34: Expected ')' in color definition

(firefox:22609): Gtk-WARNING **: 14:39:45.489: Theme parsing error: <data>:1:77: Expected ')' in color definition
1540391986241	Marionette	INFO	Listening on port 34943
1540391986295	Marionette	WARN	TLS certificate errors will be ignored for this session
1540391987051	Marionette	INFO	Stopped listening on port 34943
JavaScript error: resource://activity-stream/lib/TopSitesFeed.jsm, line 86: TypeError: setting getter-only property "_currentSearchHostname"
JavaScript error: resource://gre/modules/Sqlite.jsm, line 841: Error: Connection is not open.
1540391988471	mozrunner::runner	INFO	Running command: "/usr/bin/firefox" "-marionette" "-foreground" "-no-remote" "-profile" "/tmp/rust_mozprofile.Ou82W0VbMxG6"

(firefox:22856): Gtk-WARNING **: 14:39:48.956: Theme parsing error: <data>:1:34: Expected ')' in color definition

(firefox:22856): Gtk-WARNING **: 14:39:48.956: Theme parsing error: <data>:1:77: Expected ')' in color definition
1540391989704	Marionette	INFO	Listening on port 37979
1540391989780	Marionette	WARN	TLS certificate errors will be ignored for this session
1540391990495	Marionette	INFO	Stopped listening on port 37979
JavaScript error: resource://activity-stream/lib/TopSitesFeed.jsm, line 86: TypeError: setting getter-only property "_currentSearchHostname"
[Parent 22856, Gecko_IOThread] WARNING: pipe error (71): Соединение разорвано другой стороной: file /build/src/mozilla-unified/ipc/chromium/src/chrome/common/ipc_channel_posix.cc, line 356
JavaScript error: resource://gre/modules/Sqlite.jsm, line 841: Error: Connection is not open.
1540391991894	mozrunner::runner	INFO	Running command: "/usr/bin/firefox" "-marionette" "-foreground" "-no-remote" "-profile" "/tmp/rust_mozprofile.kEYqbbLP9UX6"

(firefox:23105): Gtk-WARNING **: 14:39:52.416: Theme parsing error: <data>:1:34: Expected ')' in color definition

(firefox:23105): Gtk-WARNING **: 14:39:52.416: Theme parsing error: <data>:1:77: Expected ')' in color definition
1540391993241	Marionette	INFO	Listening on port 43817
1540391993310	Marionette	WARN	TLS certificate errors will be ignored for this session
1540391994116	Marionette	INFO	Stopped listening on port 43817
JavaScript error: resource://activity-stream/lib/TopSitesFeed.jsm, line 86: TypeError: setting getter-only property "_currentSearchHostname"
JavaScript error: resource://gre/modules/Sqlite.jsm, line 841: Error: Connection is not open.
1540393198961	mozrunner::runner	INFO	Running command: "/usr/bin/firefox" "-marionette" "-foreground" "-no-remote" "-profile" "/tmp/rust_mozprofile.excvwcsmxzw4"

(firefox:23642): Gtk-WARNING **: 14:59:59.486: Theme parsing error: <data>:1:34: Expected ')' in color definition

(firefox:23642): Gtk-WARNING **: 14:59:59.486: Theme parsing error: <data>:1:77: Expected ')' in color definition
1540393200253	Marionette	INFO	Listening on port 37361
1540393200266	Marionette	WARN	TLS certificate errors will be ignored for this session
1540393201656	Marionette	INFO	Stopped listening on port 37361
[Parent 23642, Gecko_IOThread] WARNING: pipe error (87): Соединение разорвано другой стороной: file /build/src/mozilla-unified/ipc/chromium/src/chrome/common/ipc_channel_posix.cc, line 356
[Parent 23642, Gecko_IOThread] WARNING: pipe error (71): Соединение разорвано другой стороной: file /build/src/mozilla-unified/ipc/chromium/src/chrome/common/ipc_channel_posix.cc, line 356
1540393202069	mozrunner::runner	INFO	Running command: "/usr/bin/firefox" "-marionette" "-foreground" "-no-remote" "-profile" "/tmp/rust_mozprofile.hzbCpwOCnlis"

(firefox:23885): Gtk-WARNING **: 15:00:02.580: Theme parsing error: <data>:1:34: Expected ')' in color definition

(firefox:23885): Gtk-WARNING **: 15:00:02.580: Theme parsing error: <data>:1:77: Expected ')' in color definition
1540393203328	Marionette	INFO	Listening on port 45895
1540393203378	Marionette	WARN	TLS certificate errors will be ignored for this session
1540393204164	Marionette	INFO	Stopped listening on port 45895
JavaScript error: resource://activity-stream/lib/TopSitesFeed.jsm, line 86: TypeError: setting getter-only property "_currentSearchHostname"
JavaScript error: resource://gre/modules/Sqlite.jsm, line 841: Error: Connection is not open.
1540393204577	mozrunner::runner	INFO	Running command: "/usr/bin/firefox" "-marionette" "-foreground" "-no-remote" "-profile" "/tmp/rust_mozprofile.eDliZTxAUo3F"

(firefox:24140): Gtk-WARNING **: 15:00:05.096: Theme parsing error: <data>:1:34: Expected ')' in color definition

(firefox:24140): Gtk-WARNING **: 15:00:05.096: Theme parsing error: <data>:1:77: Expected ')' in color definition
1540393205859	Marionette	INFO	Listening on port 42499
1540393205888	Marionette	WARN	TLS certificate errors will be ignored for this session
1540393206626	Marionette	INFO	Stopped listening on port 42499
JavaScript error: resource://activity-stream/lib/TopSitesFeed.jsm, line 86: TypeError: setting getter-only property "_currentSearchHostname"
JavaScript error: resource://gre/modules/Sqlite.jsm, line 841: Error: Connection is not open.
1540393207029	mozrunner::runner	INFO	Running command: "/usr/bin/firefox" "-marionette" "-foreground" "-no-remote" "-profile" "/tmp/rust_mozprofile.chexy9SYWOYG"

(firefox:24400): Gtk-WARNING **: 15:00:07.517: Theme parsing error: <data>:1:34: Expected ')' in color definition

(firefox:24400): Gtk-WARNING **: 15:00:07.517: Theme parsing error: <data>:1:77: Expected ')' in color definition
1540393208293	Marionette	INFO	Listening on port 43375
1540393208337	Marionette	WARN	TLS certificate errors will be ignored for this session
1540393209127	Marionette	INFO	Stopped listening on port 43375
JavaScript error: resource://activity-stream/lib/TopSitesFeed.jsm, line 86: TypeError: setting getter-only property "_currentSearchHostname"
[Parent 24400, Gecko_IOThread] WARNING: pipe error (95): Соединение разорвано другой стороной: file /build/src/mozilla-unified/ipc/chromium/src/chrome/common/ipc_channel_posix.cc, line 356
JavaScript error: resource://gre/modules/Sqlite.jsm, line 841: Error: Connection is not open.
1540996559828	mozrunner::runner	INFO	Running command: "/usr/bin/firefox" "-marionette" "-foreground" "-no-remote" "-profile" "/tmp/rust_mozprofile.90ljBzls3krs"

(firefox:3890): Gtk-WARNING **: 14:36:04.198: Theme parsing error: <data>:1:34: Expected ')' in color definition

(firefox:3890): Gtk-WARNING **: 14:36:04.198: Theme parsing error: <data>:1:77: Expected ')' in color definition
1540996566838	Marionette	INFO	Listening on port 36293
1540996566901	Marionette	WARN	TLS certificate errors will be ignored for this session
1540996568658	Marionette	INFO	Stopped listening on port 36293
[Parent 3890, Gecko_IOThread] WARNING: pipe error (89): Соединение разорвано другой стороной: file /build/src/mozilla-unified/ipc/chromium/src/chrome/common/ipc_channel_posix.cc, line 356
1540996570084	mozrunner::runner	INFO	Running command: "/usr/bin/firefox" "-marionette" "-foreground" "-no-remote" "-profile" "/tmp/rust_mozprofile.QMgwrRroDYgu"

(firefox:4190): Gtk-WARNING **: 14:36:10.568: Theme parsing error: <data>:1:34: Expected ')' in color definition

(firefox:4190): Gtk-WARNING **: 14:36:10.568: Theme parsing error: <data>:1:77: Expected ')' in color definition
1540996571305	Marionette	INFO	Listening on port 33955
1540996571391	Marionette	WARN	TLS certificate errors will be ignored for this session
1540996572156	Marionette	INFO	Stopped listening on port 33955
JavaScript error: resource://activity-stream/lib/TopSitesFeed.jsm, line 86: TypeError: setting getter-only property "_currentSearchHostname"
JavaScript error: resource://gre/modules/Sqlite.jsm, line 841: Error: Connection is not open.
1540996573577	mozrunner::runner	INFO	Running command: "/usr/bin/firefox" "-marionette" "-foreground" "-no-remote" "-profile" "/tmp/rust_mozprofile.yAt8Qr37UTix"

(firefox:4444): Gtk-WARNING **: 14:36:14.071: Theme parsing error: <data>:1:34: Expected ')' in color definition

(firefox:4444): Gtk-WARNING **: 14:36:14.071: Theme parsing error: <data>:1:77: Expected ')' in color definition
1540996574869	Marionette	INFO	Listening on port 41487
1540996574892	Marionette	WARN	TLS certificate errors will be ignored for this session
1540996575627	Marionette	INFO	Stopped listening on port 41487
JavaScript error: resource://activity-stream/lib/TopSitesFeed.jsm, line 86: TypeError: setting getter-only property "_currentSearchHostname"
JavaScript error: resource://gre/modules/Sqlite.jsm, line 841: Error: Connection is not open.
1540996577023	mozrunner::runner	INFO	Running command: "/usr/bin/firefox" "-marionette" "-foreground" "-no-remote" "-profile" "/tmp/rust_mozprofile.IBjMDiB1qtrC"

(firefox:4698): Gtk-WARNING **: 14:36:17.528: Theme parsing error: <data>:1:34: Expected ')' in color definition

(firefox:4698): Gtk-WARNING **: 14:36:17.528: Theme parsing error: <data>:1:77: Expected ')' in color definition
1540996578282	Marionette	INFO	Listening on port 33499
1540996578328	Marionette	WARN	TLS certificate errors will be ignored for this session
1540996579122	Marionette	INFO	Stopped listening on port 33499
JavaScript error: resource://activity-stream/lib/TopSitesFeed.jsm, line 86: TypeError: setting getter-only property "_currentSearchHostname"
JavaScript error: resource://gre/modules/Sqlite.jsm, line 841: Error: Connection is not open.
1540997585273	mozrunner::runner	INFO	Running command: "/usr/bin/firefox" "-marionette" "-foreground" "-no-remote" "-profile" "/tmp/rust_mozprofile.hMZiZX1xX2aV"

(firefox:5040): Gtk-WARNING **: 14:53:05.742: Theme parsing error: <data>:1:34: Expected ')' in color definition

(firefox:5040): Gtk-WARNING **: 14:53:05.742: Theme parsing error: <data>:1:77: Expected ')' in color definition
1540997586462	Marionette	INFO	Listening on port 37309
1540997586485	Marionette	WARN	TLS certificate errors will be ignored for this session
1540997586542	Marionette	INFO	Stopped listening on port 37309
JavaScript error: resource://activity-stream/lib/TopSitesFeed.jsm, line 86: TypeError: setting getter-only property "_currentSearchHostname"
JavaScript error: resource://gre/modules/Sqlite.jsm, line 841: Error: Connection is not open.
1540997587967	mozrunner::runner	INFO	Running command: "/usr/bin/firefox" "-marionette" "-foreground" "-no-remote" "-profile" "/tmp/rust_mozprofile.pVKK7Uwrt6q1"

(firefox:5254): Gtk-WARNING **: 14:53:08.457: Theme parsing error: <data>:1:34: Expected ')' in color definition

(firefox:5254): Gtk-WARNING **: 14:53:08.457: Theme parsing error: <data>:1:77: Expected ')' in color definition
1540997589207	Marionette	INFO	Listening on port 46775
1540997589276	Marionette	WARN	TLS certificate errors will be ignored for this session
1540997589325	Marionette	INFO	Stopped listening on port 46775
JavaScript error: resource://activity-stream/lib/TopSitesFeed.jsm, line 86: TypeError: setting getter-only property "_currentSearchHostname"
JavaScript error: resource://gre/modules/Sqlite.jsm, line 841: Error: Connection is not open.
1540997590739	mozrunner::runner	INFO	Running command: "/usr/bin/firefox" "-marionette" "-foreground" "-no-remote" "-profile" "/tmp/rust_mozprofile.ffsmj37DXuDI"

(firefox:5478): Gtk-WARNING **: 14:53:11.228: Theme parsing error: <data>:1:34: Expected ')' in color definition

(firefox:5478): Gtk-WARNING **: 14:53:11.228: Theme parsing error: <data>:1:77: Expected ')' in color definition
1540997592003	Marionette	INFO	Listening on port 38085
1540997592047	Marionette	WARN	TLS certificate errors will be ignored for this session
1540997592094	Marionette	INFO	Stopped listening on port 38085
JavaScript error: resource://activity-stream/lib/TopSitesFeed.jsm, line 86: TypeError: setting getter-only property "_currentSearchHostname"
JavaScript error: resource://gre/modules/Sqlite.jsm, line 841: Error: Connection is not open.
1541176325275	mozrunner::runner	INFO	Running command: "/usr/bin/firefox" "-marionette" "-foreground" "-no-remote" "-profile" "/tmp/rust_mozprofile.opJTw3DMNkkJ"

(firefox:28496): Gtk-WARNING **: 16:32:05.804: Theme parsing error: <data>:1:34: Expected ')' in color definition

(firefox:28496): Gtk-WARNING **: 16:32:05.804: Theme parsing error: <data>:1:77: Expected ')' in color definition
1541176326531	Marionette	INFO	Listening on port 46027
1541176326579	Marionette	WARN	TLS certificate errors will be ignored for this session
1541176326631	Marionette	INFO	Stopped listening on port 46027
JavaScript error: resource://activity-stream/lib/TopSitesFeed.jsm, line 86: TypeError: setting getter-only property "_currentSearchHostname"
JavaScript error: resource://gre/modules/Sqlite.jsm, line 841: Error: Connection is not open.
JavaScript error: resource://gre/modules/IndexedDB.jsm, line 349: UnknownError: The operation failed for reasons unrelated to the database itself and not covered by any other error code.
1541176328046	mozrunner::runner	INFO	Running command: "/usr/bin/firefox" "-marionette" "-foreground" "-no-remote" "-profile" "/tmp/rust_mozprofile.A6mEzBE90kCF"

(firefox:28709): Gtk-WARNING **: 16:32:08.539: Theme parsing error: <data>:1:34: Expected ')' in color definition

(firefox:28709): Gtk-WARNING **: 16:32:08.540: Theme parsing error: <data>:1:77: Expected ')' in color definition
1541176329293	Marionette	INFO	Listening on port 37201
1541176329350	Marionette	WARN	TLS certificate errors will be ignored for this session
1541176329400	Marionette	INFO	Stopped listening on port 37201
JavaScript error: resource://activity-stream/lib/TopSitesFeed.jsm, line 86: TypeError: setting getter-only property "_currentSearchHostname"
JavaScript error: resource://gre/modules/Sqlite.jsm, line 841: Error: Connection is not open.
1541176330813	mozrunner::runner	INFO	Running command: "/usr/bin/firefox" "-marionette" "-foreground" "-no-remote" "-profile" "/tmp/rust_mozprofile.15fGPjir4Qin"

(firefox:28917): Gtk-WARNING **: 16:32:11.344: Theme parsing error: <data>:1:34: Expected ')' in color definition

(firefox:28917): Gtk-WARNING **: 16:32:11.344: Theme parsing error: <data>:1:77: Expected ')' in color definition
1541176332120	Marionette	INFO	Listening on port 35607
1541176332219	Marionette	WARN	TLS certificate errors will be ignored for this session
1541176332275	Marionette	INFO	Stopped listening on port 35607
JavaScript error: resource://activity-stream/lib/TopSitesFeed.jsm, line 86: TypeError: setting getter-only property "_currentSearchHostname"
JavaScript error: resource://gre/modules/Sqlite.jsm, line 841: Error: Connection is not open.
1541546503168	mozrunner::runner	INFO	Running command: "/usr/bin/firefox" "-marionette" "-foreground" "-no-remote" "-profile" "/tmp/rust_mozprofile.ZsOmGLJ6aA6E"

(firefox:10958): Gtk-WARNING **: 23:21:47.473: Theme parsing error: <data>:1:34: Expected ')' in color definition

(firefox:10958): Gtk-WARNING **: 23:21:47.473: Theme parsing error: <data>:1:77: Expected ')' in color definition
1541546510227	Marionette	INFO	Listening on port 42159
1541546510234	Marionette	WARN	TLS certificate errors will be ignored for this session
1541546510349	Marionette	INFO	Stopped listening on port 42159
JavaScript error: resource://activity-stream/lib/TopSitesFeed.jsm, line 86: TypeError: setting getter-only property "_currentSearchHostname"
1541546511912	mozrunner::runner	INFO	Running command: "/usr/bin/firefox" "-marionette" "-foreground" "-no-remote" "-profile" "/tmp/rust_mozprofile.edWz7qH8hJxu"

(firefox:11225): Gtk-WARNING **: 23:21:52.407: Theme parsing error: <data>:1:34: Expected ')' in color definition

(firefox:11225): Gtk-WARNING **: 23:21:52.407: Theme parsing error: <data>:1:77: Expected ')' in color definition
1541546513160	Marionette	INFO	Listening on port 37655
1541546513230	Marionette	WARN	TLS certificate errors will be ignored for this session
1541546513283	Marionette	INFO	Stopped listening on port 37655
JavaScript error: resource://activity-stream/lib/TopSitesFeed.jsm, line 86: TypeError: setting getter-only property "_currentSearchHostname"
JavaScript error: resource://gre/modules/Sqlite.jsm, line 841: Error: Connection is not open.
1541546514700	mozrunner::runner	INFO	Running command: "/usr/bin/firefox" "-marionette" "-foreground" "-no-remote" "-profile" "/tmp/rust_mozprofile.e50o2yweEaru"

(firefox:11437): Gtk-WARNING **: 23:21:55.214: Theme parsing error: <data>:1:34: Expected ')' in color definition

(firefox:11437): Gtk-WARNING **: 23:21:55.214: Theme parsing error: <data>:1:77: Expected ')' in color definition
1541546515967	Marionette	INFO	Listening on port 35881
1541546516005	Marionette	WARN	TLS certificate errors will be ignored for this session
1541546516055	Marionette	INFO	Stopped listening on port 35881
JavaScript error: resource://activity-stream/lib/TopSitesFeed.jsm, line 86: TypeError: setting getter-only property "_currentSearchHostname"
JavaScript error: resource://gre/modules/Sqlite.jsm, line 841: Error: Connection is not open.
1541691044500	mozrunner::runner	INFO	Running command: "/usr/bin/firefox" "-marionette" "-foreground" "-no-remote" "-profile" "/tmp/rust_mozprofile.6WyF6kgFpFFN"

(firefox:6284): Gtk-WARNING **: 15:30:48.687: Theme parsing error: <data>:1:34: Expected ')' in color definition

(firefox:6284): Gtk-WARNING **: 15:30:48.687: Theme parsing error: <data>:1:77: Expected ')' in color definition
1541691051449	Marionette	INFO	Listening on port 37727
1541691051515	Marionette	WARN	TLS certificate errors will be ignored for this session
1541691051587	Marionette	INFO	Stopped listening on port 37727
JavaScript error: resource://activity-stream/lib/TopSitesFeed.jsm, line 86: TypeError: setting getter-only property "_currentSearchHostname"
JavaScript error: resource://gre/modules/Sqlite.jsm, line 841: Error: Connection is not open.
JavaScript error: resource://gre/modules/IndexedDB.jsm, line 349: UnknownError: The operation failed for reasons unrelated to the database itself and not covered by any other error code.
1541691052038	mozrunner::runner	INFO	Running command: "/usr/bin/firefox" "-marionette" "-foreground" "-no-remote" "-profile" "/tmp/rust_mozprofile.R88QFx6l7sQj"

(firefox:6574): Gtk-WARNING **: 15:30:52.577: Theme parsing error: <data>:1:34: Expected ')' in color definition

(firefox:6574): Gtk-WARNING **: 15:30:52.577: Theme parsing error: <data>:1:77: Expected ')' in color definition
1541691053330	Marionette	INFO	Listening on port 34987
1541691053345	Marionette	WARN	TLS certificate errors will be ignored for this session
1541691053408	Marionette	INFO	Stopped listening on port 34987
JavaScript error: resource://activity-stream/lib/TopSitesFeed.jsm, line 86: TypeError: setting getter-only property "_currentSearchHostname"
JavaScript error: resource://gre/modules/Sqlite.jsm, line 841: Error: Connection is not open.
JavaScript error: resource://gre/modules/IndexedDB.jsm, line 349: UnknownError: The operation failed for reasons unrelated to the database itself and not covered by any other error code.
1541691053921	mozrunner::runner	INFO	Running command: "/usr/bin/firefox" "-marionette" "-foreground" "-no-remote" "-profile" "/tmp/rust_mozprofile.skyozMD7UrkG"

(firefox:6793): Gtk-WARNING **: 15:30:54.460: Theme parsing error: <data>:1:34: Expected ')' in color definition

(firefox:6793): Gtk-WARNING **: 15:30:54.460: Theme parsing error: <data>:1:77: Expected ')' in color definition
1541691055258	Marionette	INFO	Listening on port 35067
1541691055327	Marionette	WARN	TLS certificate errors will be ignored for this session
1541691055376	Marionette	INFO	Stopped listening on port 35067
JavaScript error: resource://activity-stream/lib/TopSitesFeed.jsm, line 86: TypeError: setting getter-only property "_currentSearchHostname"
JavaScript error: resource://gre/modules/Sqlite.jsm, line 841: Error: Connection is not open.
1541691601856	mozrunner::runner	INFO	Running command: "/usr/bin/firefox" "-marionette" "-foreground" "-no-remote" "-profile" "/tmp/rust_mozprofile.FQECJUV4DZUx"

(firefox:7111): Gtk-WARNING **: 15:40:02.378: Theme parsing error: <data>:1:34: Expected ')' in color definition

(firefox:7111): Gtk-WARNING **: 15:40:02.378: Theme parsing error: <data>:1:77: Expected ')' in color definition
1541691603138	Marionette	INFO	Listening on port 38735
1541691603170	Marionette	WARN	TLS certificate errors will be ignored for this session
1541691603227	Marionette	INFO	Stopped listening on port 38735
JavaScript error: resource://activity-stream/lib/TopSitesFeed.jsm, line 86: TypeError: setting getter-only property "_currentSearchHostname"
[Parent 7111, Gecko_IOThread] WARNING: pipe error (82): Соединение разорвано другой стороной: file /build/firefox/src/mozilla-unified/ipc/chromium/src/chrome/common/ipc_channel_posix.cc, line 356
JavaScript error: resource://gre/modules/Sqlite.jsm, line 841: Error: Connection is not open.
1541691603640	mozrunner::runner	INFO	Running command: "/usr/bin/firefox" "-marionette" "-foreground" "-no-remote" "-profile" "/tmp/rust_mozprofile.xKMmcIdH3BmI"

(firefox:7335): Gtk-WARNING **: 15:40:04.176: Theme parsing error: <data>:1:34: Expected ')' in color definition

(firefox:7335): Gtk-WARNING **: 15:40:04.176: Theme parsing error: <data>:1:77: Expected ')' in color definition
1541691604941	Marionette	INFO	Listening on port 35861
1541691604947	Marionette	WARN	TLS certificate errors will be ignored for this session
1541691605011	Marionette	INFO	Stopped listening on port 35861
JavaScript error: resource://activity-stream/lib/TopSitesFeed.jsm, line 86: TypeError: setting getter-only property "_currentSearchHostname"
JavaScript error: resource://gre/modules/Sqlite.jsm, line 841: Error: Connection is not open.
1541691605424	mozrunner::runner	INFO	Running command: "/usr/bin/firefox" "-marionette" "-foreground" "-no-remote" "-profile" "/tmp/rust_mozprofile.lWiK38OAf3Sy"

(firefox:7559): Gtk-WARNING **: 15:40:05.956: Theme parsing error: <data>:1:34: Expected ')' in color definition

(firefox:7559): Gtk-WARNING **: 15:40:05.956: Theme parsing error: <data>:1:77: Expected ')' in color definition
1541691606804	Marionette	INFO	Listening on port 34599
1541691606830	Marionette	WARN	TLS certificate errors will be ignored for this session
1541691606945	Marionette	INFO	Stopped listening on port 34599
JavaScript error: resource://activity-stream/lib/TopSitesFeed.jsm, line 86: TypeError: setting getter-only property "_currentSearchHostname"
JavaScript error: resource://gre/modules/Sqlite.jsm, line 841: Error: Connection is not open.
1541691835647	mozrunner::runner	INFO	Running command: "/usr/bin/firefox" "-marionette" "-foreground" "-no-remote" "-profile" "/tmp/rust_mozprofile.ziPftTyLLhpc"

(firefox:7867): Gtk-WARNING **: 15:43:56.331: Theme parsing error: <data>:1:34: Expected ')' in color definition

(firefox:7867): Gtk-WARNING **: 15:43:56.331: Theme parsing error: <data>:1:77: Expected ')' in color definition
1541691837164	Marionette	INFO	Listening on port 45295
1541691837254	Marionette	WARN	TLS certificate errors will be ignored for this session
1541691838855	Marionette	INFO	Stopped listening on port 45295
[Parent 7867, Gecko_IOThread] WARNING: pipe error (87): Соединение разорвано другой стороной: file /build/firefox/src/mozilla-unified/ipc/chromium/src/chrome/common/ipc_channel_posix.cc, line 356
1541691839277	mozrunner::runner	INFO	Running command: "/usr/bin/firefox" "-marionette" "-foreground" "-no-remote" "-profile" "/tmp/rust_mozprofile.vkIhXXYwYC9W"

(firefox:8128): Gtk-WARNING **: 15:43:59.976: Theme parsing error: <data>:1:34: Expected ')' in color definition

(firefox:8128): Gtk-WARNING **: 15:43:59.976: Theme parsing error: <data>:1:77: Expected ')' in color definition
1541691840993	Marionette	INFO	Listening on port 46755
1541691841082	Marionette	WARN	TLS certificate errors will be ignored for this session
1541691842058	Marionette	INFO	Stopped listening on port 46755
JavaScript error: resource://activity-stream/lib/TopSitesFeed.jsm, line 86: TypeError: setting getter-only property "_currentSearchHostname"
JavaScript error: resource://gre/modules/Sqlite.jsm, line 841: Error: Connection is not open.
1541691845869	mozrunner::runner	INFO	Running command: "/usr/bin/firefox" "-marionette" "-foreground" "-no-remote" "-profile" "/tmp/rust_mozprofile.rq6rZ2W9IHJW"

(firefox:8391): Gtk-WARNING **: 15:44:06.588: Theme parsing error: <data>:1:34: Expected ')' in color definition

(firefox:8391): Gtk-WARNING **: 15:44:06.588: Theme parsing error: <data>:1:77: Expected ')' in color definition
1541691847424	Marionette	INFO	Listening on port 45787
1541691847475	Marionette	WARN	TLS certificate errors will be ignored for this session
1541691848225	Marionette	INFO	Stopped listening on port 45787
JavaScript error: resource://activity-stream/lib/TopSitesFeed.jsm, line 86: TypeError: setting getter-only property "_currentSearchHostname"
JavaScript error: resource://gre/modules/Sqlite.jsm, line 841: Error: Connection is not open.
1541691848631	mozrunner::runner	INFO	Running command: "/usr/bin/firefox" "-marionette" "-foreground" "-no-remote" "-profile" "/tmp/rust_mozprofile.Dl1ts3HxBIrG"

(firefox:8633): Gtk-WARNING **: 15:44:09.136: Theme parsing error: <data>:1:34: Expected ')' in color definition

(firefox:8633): Gtk-WARNING **: 15:44:09.136: Theme parsing error: <data>:1:77: Expected ')' in color definition
1541691849990	Marionette	INFO	Listening on port 35981
1541691850036	Marionette	WARN	TLS certificate errors will be ignored for this session
1541691850844	Marionette	INFO	Stopped listening on port 35981
JavaScript error: resource://activity-stream/lib/TopSitesFeed.jsm, line 86: TypeError: setting getter-only property "_currentSearchHostname"
JavaScript error: resource://gre/modules/Sqlite.jsm, line 841: Error: Connection is not open.
1541693188074	mozrunner::runner	INFO	Running command: "/usr/bin/firefox" "-marionette" "-foreground" "-no-remote" "-profile" "/tmp/rust_mozprofile.8k8hshPakgpA"

(firefox:9391): Gtk-WARNING **: 16:06:28.702: Theme parsing error: <data>:1:34: Expected ')' in color definition

(firefox:9391): Gtk-WARNING **: 16:06:28.702: Theme parsing error: <data>:1:77: Expected ')' in color definition
1541693189739	Marionette	INFO	Listening on port 34777
1541693189780	Marionette	WARN	TLS certificate errors will be ignored for this session
1541693191180	Marionette	INFO	Stopped listening on port 34777
[Parent 9391, Gecko_IOThread] WARNING: pipe error (95): Соединение разорвано другой стороной: file /build/firefox/src/mozilla-unified/ipc/chromium/src/chrome/common/ipc_channel_posix.cc, line 356
[Parent 9391, Gecko_IOThread] WARNING: pipe error (82): Соединение разорвано другой стороной: file /build/firefox/src/mozilla-unified/ipc/chromium/src/chrome/common/ipc_channel_posix.cc, line 356
1541693191818	mozrunner::runner	INFO	Running command: "/usr/bin/firefox" "-marionette" "-foreground" "-no-remote" "-profile" "/tmp/rust_mozprofile.bSdDvGpstHWE"

(firefox:9645): Gtk-WARNING **: 16:06:32.407: Theme parsing error: <data>:1:34: Expected ')' in color definition

(firefox:9645): Gtk-WARNING **: 16:06:32.407: Theme parsing error: <data>:1:77: Expected ')' in color definition
1541693193224	Marionette	INFO	Listening on port 41785
1541693193324	Marionette	WARN	TLS certificate errors will be ignored for this session
1541693194135	Marionette	INFO	Stopped listening on port 41785
JavaScript error: resource://activity-stream/lib/TopSitesFeed.jsm, line 86: TypeError: setting getter-only property "_currentSearchHostname"
JavaScript error: resource://gre/modules/Sqlite.jsm, line 841: Error: Connection is not open.
1541693194554	mozrunner::runner	INFO	Running command: "/usr/bin/firefox" "-marionette" "-foreground" "-no-remote" "-profile" "/tmp/rust_mozprofile.uArUjwSY5rKw"

(firefox:9901): Gtk-WARNING **: 16:06:35.133: Theme parsing error: <data>:1:34: Expected ')' in color definition

(firefox:9901): Gtk-WARNING **: 16:06:35.133: Theme parsing error: <data>:1:77: Expected ')' in color definition
1541693195995	Marionette	INFO	Listening on port 39863
1541693196070	Marionette	WARN	TLS certificate errors will be ignored for this session
1541693196853	Marionette	INFO	Stopped listening on port 39863
JavaScript error: resource://activity-stream/lib/TopSitesFeed.jsm, line 86: TypeError: setting getter-only property "_currentSearchHostname"
JavaScript error: resource://gre/modules/Sqlite.jsm, line 841: Error: Connection is not open.
1541693197259	mozrunner::runner	INFO	Running command: "/usr/bin/firefox" "-marionette" "-foreground" "-no-remote" "-profile" "/tmp/rust_mozprofile.v8ZFEvCBgw5h"

(firefox:10152): Gtk-WARNING **: 16:06:37.732: Theme parsing error: <data>:1:34: Expected ')' in color definition

(firefox:10152): Gtk-WARNING **: 16:06:37.732: Theme parsing error: <data>:1:77: Expected ')' in color definition
1541693198669	Marionette	INFO	Listening on port 34553
1541693198765	Marionette	WARN	TLS certificate errors will be ignored for this session
1541693199584	Marionette	INFO	Stopped listening on port 34553
JavaScript error: resource://activity-stream/lib/TopSitesFeed.jsm, line 86: TypeError: setting getter-only property "_currentSearchHostname"
JavaScript error: resource://gre/modules/Sqlite.jsm, line 841: Error: Connection is not open.
1541693290538	mozrunner::runner	INFO	Running command: "/usr/bin/firefox" "-marionette" "-foreground" "-no-remote" "-profile" "/tmp/rust_mozprofile.ZBVVhT7OMoPO"

(firefox:10448): Gtk-WARNING **: 16:08:11.140: Theme parsing error: <data>:1:34: Expected ')' in color definition

(firefox:10448): Gtk-WARNING **: 16:08:11.140: Theme parsing error: <data>:1:77: Expected ')' in color definition
1541693292151	Marionette	INFO	Listening on port 45745
1541693292245	Marionette	WARN	TLS certificate errors will be ignored for this session
1541693293656	Marionette	INFO	Stopped listening on port 45745
1541693294276	mozrunner::runner	INFO	Running command: "/usr/bin/firefox" "-marionette" "-foreground" "-no-remote" "-profile" "/tmp/rust_mozprofile.uKJrao224eVM"

(firefox:10704): Gtk-WARNING **: 16:08:14.851: Theme parsing error: <data>:1:34: Expected ')' in color definition

(firefox:10704): Gtk-WARNING **: 16:08:14.852: Theme parsing error: <data>:1:77: Expected ')' in color definition
1541693295665	Marionette	INFO	Listening on port 44021
1541693295687	Marionette	WARN	TLS certificate errors will be ignored for this session
1541693296501	Marionette	INFO	Stopped listening on port 44021
JavaScript error: resource://activity-stream/lib/TopSitesFeed.jsm, line 86: TypeError: setting getter-only property "_currentSearchHostname"
JavaScript error: resource://gre/modules/Sqlite.jsm, line 841: Error: Connection is not open.
1541693296916	mozrunner::runner	INFO	Running command: "/usr/bin/firefox" "-marionette" "-foreground" "-no-remote" "-profile" "/tmp/rust_mozprofile.eL4D8i9o0vDt"

(firefox:10946): Gtk-WARNING **: 16:08:17.514: Theme parsing error: <data>:1:34: Expected ')' in color definition

(firefox:10946): Gtk-WARNING **: 16:08:17.514: Theme parsing error: <data>:1:77: Expected ')' in color definition
1541693298346	Marionette	INFO	Listening on port 38571
1541693298422	Marionette	WARN	TLS certificate errors will be ignored for this session
1541693299196	Marionette	INFO	Stopped listening on port 38571
JavaScript error: resource://activity-stream/lib/TopSitesFeed.jsm, line 86: TypeError: setting getter-only property "_currentSearchHostname"
JavaScript error: resource://gre/modules/Sqlite.jsm, line 841: Error: Connection is not open.
1541693299587	mozrunner::runner	INFO	Running command: "/usr/bin/firefox" "-marionette" "-foreground" "-no-remote" "-profile" "/tmp/rust_mozprofile.WS3KIZxCZUTg"

(firefox:11195): Gtk-WARNING **: 16:08:20.073: Theme parsing error: <data>:1:34: Expected ')' in color definition

(firefox:11195): Gtk-WARNING **: 16:08:20.073: Theme parsing error: <data>:1:77: Expected ')' in color definition
1541693301072	Marionette	INFO	Listening on port 38549
1541693301100	Marionette	WARN	TLS certificate errors will be ignored for this session
1541693301937	Marionette	INFO	Stopped listening on port 38549
JavaScript error: resource://activity-stream/lib/TopSitesFeed.jsm, line 86: TypeError: setting getter-only property "_currentSearchHostname"
JavaScript error: resource://gre/modules/Sqlite.jsm, line 841: Error: Connection is not open.
1541693333810	mozrunner::runner	INFO	Running command: "/usr/bin/firefox" "-marionette" "-foreground" "-no-remote" "-profile" "/tmp/rust_mozprofile.2s6bCgVRNDpD"

(firefox:11887): Gtk-WARNING **: 16:08:54.427: Theme parsing error: <data>:1:34: Expected ')' in color definition

(firefox:11887): Gtk-WARNING **: 16:08:54.427: Theme parsing error: <data>:1:77: Expected ')' in color definition
1541693335327	Marionette	INFO	Listening on port 34029
1541693335417	Marionette	WARN	TLS certificate errors will be ignored for this session
1541693336836	Marionette	INFO	Stopped listening on port 34029
1541693337313	mozrunner::runner	INFO	Running command: "/usr/bin/firefox" "-marionette" "-foreground" "-no-remote" "-profile" "/tmp/rust_mozprofile.qBDFjoT5zvsi"

(firefox:12136): Gtk-WARNING **: 16:08:57.910: Theme parsing error: <data>:1:34: Expected ')' in color definition

(firefox:12136): Gtk-WARNING **: 16:08:57.910: Theme parsing error: <data>:1:77: Expected ')' in color definition
1541693338773	Marionette	INFO	Listening on port 39591
1541693338822	Marionette	WARN	TLS certificate errors will be ignored for this session
1541693339618	Marionette	INFO	Stopped listening on port 39591
JavaScript error: resource://activity-stream/lib/TopSitesFeed.jsm, line 86: TypeError: setting getter-only property "_currentSearchHostname"
JavaScript error: resource://gre/modules/Sqlite.jsm, line 841: Error: Connection is not open.
1541693340036	mozrunner::runner	INFO	Running command: "/usr/bin/firefox" "-marionette" "-foreground" "-no-remote" "-profile" "/tmp/rust_mozprofile.4N4M3QVjA1NS"

(firefox:12394): Gtk-WARNING **: 16:09:00.623: Theme parsing error: <data>:1:34: Expected ')' in color definition

(firefox:12394): Gtk-WARNING **: 16:09:00.623: Theme parsing error: <data>:1:77: Expected ')' in color definition
1541693341478	Marionette	INFO	Listening on port 42987
1541693341608	Marionette	WARN	TLS certificate errors will be ignored for this session
1541693342407	Marionette	INFO	Stopped listening on port 42987
JavaScript error: resource://activity-stream/lib/TopSitesFeed.jsm, line 86: TypeError: setting getter-only property "_currentSearchHostname"
[Parent 12394, Gecko_IOThread] WARNING: pipe error (104): Соединение разорвано другой стороной: file /build/firefox/src/mozilla-unified/ipc/chromium/src/chrome/common/ipc_channel_posix.cc, line 356
JavaScript error: resource://gre/modules/Sqlite.jsm, line 841: Error: Connection is not open.
1541693342806	mozrunner::runner	INFO	Running command: "/usr/bin/firefox" "-marionette" "-foreground" "-no-remote" "-profile" "/tmp/rust_mozprofile.jjkdwYDgyjbc"

(firefox:12643): Gtk-WARNING **: 16:09:03.300: Theme parsing error: <data>:1:34: Expected ')' in color definition

(firefox:12643): Gtk-WARNING **: 16:09:03.300: Theme parsing error: <data>:1:77: Expected ')' in color definition
1541693344214	Marionette	INFO	Listening on port 41201
1541693344313	Marionette	WARN	TLS certificate errors will be ignored for this session
1541693345126	Marionette	INFO	Stopped listening on port 41201
JavaScript error: resource://activity-stream/lib/TopSitesFeed.jsm, line 86: TypeError: setting getter-only property "_currentSearchHostname"
[Parent 12643, Gecko_IOThread] WARNING: pipe error (99): Соединение разорвано другой стороной: file /build/firefox/src/mozilla-unified/ipc/chromium/src/chrome/common/ipc_channel_posix.cc, line 356
JavaScript error: resource://gre/modules/Sqlite.jsm, line 841: Error: Connection is not open.
1541693959143	mozrunner::runner	INFO	Running command: "/usr/bin/firefox" "-marionette" "-foreground" "-no-remote" "-profile" "/tmp/rust_mozprofile.RxnJEg1ZI83W"

(firefox:13010): Gtk-WARNING **: 16:19:19.751: Theme parsing error: <data>:1:34: Expected ')' in color definition

(firefox:13010): Gtk-WARNING **: 16:19:19.751: Theme parsing error: <data>:1:77: Expected ')' in color definition
1541693960564	Marionette	INFO	Listening on port 40401
1541693960649	Marionette	WARN	TLS certificate errors will be ignored for this session
1541693962097	Marionette	INFO	Stopped listening on port 40401
1541693962574	mozrunner::runner	INFO	Running command: "/usr/bin/firefox" "-marionette" "-foreground" "-no-remote" "-profile" "/tmp/rust_mozprofile.15uoeBDUUqtq"

(firefox:13263): Gtk-WARNING **: 16:19:23.220: Theme parsing error: <data>:1:34: Expected ')' in color definition

(firefox:13263): Gtk-WARNING **: 16:19:23.220: Theme parsing error: <data>:1:77: Expected ')' in color definition
1541693964243	Marionette	INFO	Listening on port 35761
1541693964281	Marionette	WARN	TLS certificate errors will be ignored for this session
1541693965100	Marionette	INFO	Stopped listening on port 35761
JavaScript error: resource://activity-stream/lib/TopSitesFeed.jsm, line 86: TypeError: setting getter-only property "_currentSearchHostname"
JavaScript error: resource://gre/modules/Sqlite.jsm, line 841: Error: Connection is not open.
1541693965583	mozrunner::runner	INFO	Running command: "/usr/bin/firefox" "-marionette" "-foreground" "-no-remote" "-profile" "/tmp/rust_mozprofile.buKPDxnSzT1u"

(firefox:13524): Gtk-WARNING **: 16:19:26.172: Theme parsing error: <data>:1:34: Expected ')' in color definition

(firefox:13524): Gtk-WARNING **: 16:19:26.172: Theme parsing error: <data>:1:77: Expected ')' in color definition
1541693966966	Marionette	INFO	Listening on port 33347
1541693966990	Marionette	WARN	TLS certificate errors will be ignored for this session
1541693967812	Marionette	INFO	Stopped listening on port 33347
JavaScript error: resource://activity-stream/lib/TopSitesFeed.jsm, line 86: TypeError: setting getter-only property "_currentSearchHostname"
JavaScript error: resource://gre/modules/Sqlite.jsm, line 841: Error: Connection is not open.
1541693968209	mozrunner::runner	INFO	Running command: "/usr/bin/firefox" "-marionette" "-foreground" "-no-remote" "-profile" "/tmp/rust_mozprofile.I0oqfD9DXAn9"

(firefox:13769): Gtk-WARNING **: 16:19:28.704: Theme parsing error: <data>:1:34: Expected ')' in color definition

(firefox:13769): Gtk-WARNING **: 16:19:28.704: Theme parsing error: <data>:1:77: Expected ')' in color definition
1541693969590	Marionette	INFO	Listening on port 46799
1541693969661	Marionette	WARN	TLS certificate errors will be ignored for this session
1541693970538	Marionette	INFO	Stopped listening on port 46799
JavaScript error: resource://activity-stream/lib/TopSitesFeed.jsm, line 86: TypeError: setting getter-only property "_currentSearchHostname"
JavaScript error: resource://gre/modules/Sqlite.jsm, line 841: Error: Connection is not open.
1541695584324	mozrunner::runner	INFO	Running command: "/usr/bin/firefox" "-marionette" "-foreground" "-no-remote" "-profile" "/tmp/rust_mozprofile.C1cOdSbEnF8h"

(firefox:14557): Gtk-WARNING **: 16:46:24.971: Theme parsing error: <data>:1:34: Expected ')' in color definition

(firefox:14557): Gtk-WARNING **: 16:46:24.971: Theme parsing error: <data>:1:77: Expected ')' in color definition
1541695585805	Marionette	INFO	Listening on port 36855
1541695585863	Marionette	WARN	TLS certificate errors will be ignored for this session
1541695587335	Marionette	INFO	Stopped listening on port 36855
[Parent 14557, Gecko_IOThread] WARNING: pipe error (99): Соединение разорвано другой стороной: file /build/firefox/src/mozilla-unified/ipc/chromium/src/chrome/common/ipc_channel_posix.cc, line 356
1541695587822	mozrunner::runner	INFO	Running command: "/usr/bin/firefox" "-marionette" "-foreground" "-no-remote" "-profile" "/tmp/rust_mozprofile.nK3wYAYX3qzb"

(firefox:14825): Gtk-WARNING **: 16:46:28.437: Theme parsing error: <data>:1:34: Expected ')' in color definition

(firefox:14825): Gtk-WARNING **: 16:46:28.437: Theme parsing error: <data>:1:77: Expected ')' in color definition
1541695589319	Marionette	INFO	Listening on port 40109
1541695589328	Marionette	WARN	TLS certificate errors will be ignored for this session
1541695590131	Marionette	INFO	Stopped listening on port 40109
JavaScript error: resource://activity-stream/lib/TopSitesFeed.jsm, line 86: TypeError: setting getter-only property "_currentSearchHostname"
JavaScript error: resource://gre/modules/Sqlite.jsm, line 841: Error: Connection is not open.
1541695590553	mozrunner::runner	INFO	Running command: "/usr/bin/firefox" "-marionette" "-foreground" "-no-remote" "-profile" "/tmp/rust_mozprofile.0jVWwPP67tGq"

(firefox:15090): Gtk-WARNING **: 16:46:31.154: Theme parsing error: <data>:1:34: Expected ')' in color definition

(firefox:15090): Gtk-WARNING **: 16:46:31.154: Theme parsing error: <data>:1:77: Expected ')' in color definition
1541695591951	Marionette	INFO	Listening on port 42529
1541695591958	Marionette	WARN	TLS certificate errors will be ignored for this session
1541695592760	Marionette	INFO	Stopped listening on port 42529
JavaScript error: resource://activity-stream/lib/TopSitesFeed.jsm, line 86: TypeError: setting getter-only property "_currentSearchHostname"
JavaScript error: resource://gre/modules/Sqlite.jsm, line 841: Error: Connection is not open.
1541695593160	mozrunner::runner	INFO	Running command: "/usr/bin/firefox" "-marionette" "-foreground" "-no-remote" "-profile" "/tmp/rust_mozprofile.iEm9Yf5nQlAR"

(firefox:15352): Gtk-WARNING **: 16:46:33.668: Theme parsing error: <data>:1:34: Expected ')' in color definition

(firefox:15352): Gtk-WARNING **: 16:46:33.668: Theme parsing error: <data>:1:77: Expected ')' in color definition
1541695594449	Marionette	INFO	Listening on port 40691
1541695594470	Marionette	WARN	TLS certificate errors will be ignored for this session
1541695595337	Marionette	INFO	Stopped listening on port 40691
JavaScript error: resource://activity-stream/lib/TopSitesFeed.jsm, line 86: TypeError: setting getter-only property "_currentSearchHostname"
JavaScript error: resource://gre/modules/Sqlite.jsm, line 841: Error: Connection is not open.
1541695939593	mozrunner::runner	INFO	Running command: "/usr/bin/firefox" "-marionette" "-foreground" "-no-remote" "-profile" "/tmp/rust_mozprofile.Ba9nBPw4f24K"

(firefox:15672): Gtk-WARNING **: 16:52:20.108: Theme parsing error: <data>:1:34: Expected ')' in color definition

(firefox:15672): Gtk-WARNING **: 16:52:20.108: Theme parsing error: <data>:1:77: Expected ')' in color definition
1541695940803	Marionette	INFO	Listening on port 40687
1541695940900	Marionette	WARN	TLS certificate errors will be ignored for this session
1541695942283	Marionette	INFO	Stopped listening on port 40687
JavaScript error: resource://activity-stream/lib/TopSitesFeed.jsm, line 86: TypeError: setting getter-only property "_currentSearchHostname"
[Parent 15672, Gecko_IOThread] WARNING: pipe error (96): Соединение разорвано другой стороной: file /build/firefox/src/mozilla-unified/ipc/chromium/src/chrome/common/ipc_channel_posix.cc, line 356
JavaScript error: resource://gre/modules/Sqlite.jsm, line 841: Error: Connection is not open.
1541695942694	mozrunner::runner	INFO	Running command: "/usr/bin/firefox" "-marionette" "-foreground" "-no-remote" "-profile" "/tmp/rust_mozprofile.i7fGHcvPAZ1i"

(firefox:15942): Gtk-WARNING **: 16:52:23.213: Theme parsing error: <data>:1:34: Expected ')' in color definition

(firefox:15942): Gtk-WARNING **: 16:52:23.213: Theme parsing error: <data>:1:77: Expected ')' in color definition
1541695943988	Marionette	INFO	Listening on port 40673
1541695944000	Marionette	WARN	TLS certificate errors will be ignored for this session
1541695944799	Marionette	INFO	Stopped listening on port 40673
JavaScript error: resource://activity-stream/lib/TopSitesFeed.jsm, line 86: TypeError: setting getter-only property "_currentSearchHostname"
JavaScript error: resource://gre/modules/Sqlite.jsm, line 841: Error: Connection is not open.
1541695945214	mozrunner::runner	INFO	Running command: "/usr/bin/firefox" "-marionette" "-foreground" "-no-remote" "-profile" "/tmp/rust_mozprofile.pZTODf8D9s8P"

(firefox:16202): Gtk-WARNING **: 16:52:25.710: Theme parsing error: <data>:1:34: Expected ')' in color definition

(firefox:16202): Gtk-WARNING **: 16:52:25.710: Theme parsing error: <data>:1:77: Expected ')' in color definition
1541695946491	Marionette	INFO	Listening on port 37359
1541695946520	Marionette	WARN	TLS certificate errors will be ignored for this session
1541695947276	Marionette	INFO	Stopped listening on port 37359
JavaScript error: resource://activity-stream/lib/TopSitesFeed.jsm, line 86: TypeError: setting getter-only property "_currentSearchHostname"
JavaScript error: resource://gre/modules/Sqlite.jsm, line 841: Error: Connection is not open.
1541695947677	mozrunner::runner	INFO	Running command: "/usr/bin/firefox" "-marionette" "-foreground" "-no-remote" "-profile" "/tmp/rust_mozprofile.On6LTlaSZ3Xy"

(firefox:16450): Gtk-WARNING **: 16:52:28.172: Theme parsing error: <data>:1:34: Expected ')' in color definition

(firefox:16450): Gtk-WARNING **: 16:52:28.172: Theme parsing error: <data>:1:77: Expected ')' in color definition
1541695948949	Marionette	INFO	Listening on port 34125
1541695948984	Marionette	WARN	TLS certificate errors will be ignored for this session
1541695949767	Marionette	INFO	Stopped listening on port 34125
JavaScript error: resource://activity-stream/lib/TopSitesFeed.jsm, line 86: TypeError: setting getter-only property "_currentSearchHostname"
JavaScript error: resource://gre/modules/Sqlite.jsm, line 841: Error: Connection is not open.
